<?xml version="1.0" encoding="UTF-8"?>
<testsuite xmlns:xsi="http://www.w3.org/2001/XMLSchema-instance" xsi:noNamespaceSchemaLocation="https://maven.apache.org/surefire/maven-surefire-plugin/xsd/surefire-test-report.xsd" version="3.0.2" name="com.devumut.DearDiary.DearDiaryApplicationTests" time="5.632" tests="1" errors="0" skipped="0" failures="0">
  <properties>
[...]
</properties>
  <testcase name="contextLoads" classname="com.devumut.DearDiary.DearDiaryApplicationTests" time="0.743">
    <system-out><![CDATA[19:35:42.111 [main] INFO org.springframework.test.context.support.AnnotationConfigContextLoaderUtils -- Could not detect default configuration classes for test class [com.devumut.DearDiary.DearDiaryApplicationTests]: DearDiaryApplicationTests does not declare any static, non-private, non-final, nested classes annotated with @Configuration.
19:35:42.251 [main] INFO org.springframework.boot.test.context.SpringBootTestContextBootstrapper -- Found @SpringBootConfiguration com.devumut.DearDiary.DearDiaryApplication for test class com.devumut.DearDiary.DearDiaryApplicationTests

  .   ____          _            __ _ _
 /\\ / ___'_ __ _ _(_)_ __  __ _ \ \ \ \
( ( )\___ | '_ | '_| | '_ \/ _` | \ \ \ \
 \\/  ___)| |_)| | | | | || (_| |  ) ) ) )
  '  |____| .__|_| |_|_| |_\__, | / / / /
 =========|_|==============|___/=/_/_/_/

 :: Spring Boot ::                (v3.4.4)

2025-04-05T19:35:42.794+03:00  INFO 13380 --- [DearDiary] [           main] c.d.DearDiary.DearDiaryApplicationTests  : Starting DearDiaryApplicationTests using Java 17.0.12 with PID 13380 (started by umut_ in C:\Users\umut_\Downloads\ProjectDearDiary\DearDiary)
2025-04-05T19:35:42.796+03:00  INFO 13380 --- [DearDiary] [           main] c.d.DearDiary.DearDiaryApplicationTests  : No active profile set, falling back to 1 default profile: "default"
2025-04-05T19:35:43.606+03:00  INFO 13380 --- [DearDiary] [           main] .s.d.r.c.RepositoryConfigurationDelegate : Bootstrapping Spring Data JPA repositories in DEFAULT mode.
2025-04-05T19:35:43.637+03:00  INFO 13380 --- [DearDiary] [           main] .s.d.r.c.RepositoryConfigurationDelegate : Finished Spring Data repository scanning in 16 ms. Found 0 JPA repository interfaces.
2025-04-05T19:35:44.322+03:00  INFO 13380 --- [DearDiary] [           main] o.hibernate.jpa.internal.util.LogHelper  : HHH000204: Processing PersistenceUnitInfo [name: default]
2025-04-05T19:35:44.396+03:00  INFO 13380 --- [DearDiary] [           main] org.hibernate.Version                    : HHH000412: Hibernate ORM core version 6.6.11.Final
2025-04-05T19:35:44.444+03:00  INFO 13380 --- [DearDiary] [           main] o.h.c.internal.RegionFactoryInitiator    : HHH000026: Second-level cache disabled
2025-04-05T19:35:44.877+03:00  INFO 13380 --- [DearDiary] [           main] o.s.o.j.p.SpringPersistenceUnitInfo      : No LoadTimeWeaver setup: ignoring JPA class transformer
2025-04-05T19:35:44.922+03:00  INFO 13380 --- [DearDiary] [           main] com.zaxxer.hikari.HikariDataSource       : HikariPool-1 - Starting...
2025-04-05T19:35:45.263+03:00  INFO 13380 --- [DearDiary] [           main] com.zaxxer.hikari.pool.HikariPool        : HikariPool-1 - Added connection org.postgresql.jdbc.PgConnection@36c783ca
2025-04-05T19:35:45.266+03:00  INFO 13380 --- [DearDiary] [           main] com.zaxxer.hikari.HikariDataSource       : HikariPool-1 - Start completed.
2025-04-05T19:35:45.427+03:00  INFO 13380 --- [DearDiary] [           main] org.hibernate.orm.connections.pooling    : HHH10001005: Database info:
	Database JDBC URL [Connecting through datasource 'HikariDataSource (HikariPool-1)']
	Database driver: undefined/unknown
	Database version: 17.3
	Autocommit mode: undefined/unknown
	Isolation level: undefined/unknown
	Minimum pool size: undefined/unknown
	Maximum pool size: undefined/unknown
2025-04-05T19:35:45.903+03:00  INFO 13380 --- [DearDiary] [           main] o.h.e.t.j.p.i.JtaPlatformInitiator       : HHH000489: No JTA platform available (set 'hibernate.transaction.jta.platform' to enable JTA platform integration)
2025-04-05T19:35:45.909+03:00  INFO 13380 --- [DearDiary] [           main] j.LocalContainerEntityManagerFactoryBean : Initialized JPA EntityManagerFactory for persistence unit 'default'
2025-04-05T19:35:46.190+03:00  WARN 13380 --- [DearDiary] [           main] JpaBaseConfiguration$JpaWebConfiguration : spring.jpa.open-in-view is enabled by default. Therefore, database queries may be performed during view rendering. Explicitly configure spring.jpa.open-in-view to disable this warning
2025-04-05T19:35:46.734+03:00  INFO 13380 --- [DearDiary] [           main] c.d.DearDiary.DearDiaryApplicationTests  : Started DearDiaryApplicationTests in 4.259 seconds (process running for 5.581)
]]></system-out>
  </testcase>
</testsuite>